# JRE version: OpenJDK Runtime Environment (16.0.1+9) (build 16.0.1+9-24)
# Java VM: OpenJDK 64-Bit Server VM (16.0.1+9-24, mixed mode, sharing, tiered, compressed oops, compressed class ptrs, g1 gc, windows-amd64)
GC Precious Log:
 CPUs: 4 total, 4 available
 Memory: 8060M
 Large Page Support: Disabled
 NUMA Support: Disabled
 Compressed Oops: Enabled (32-bit)
 Heap Region Size: 1M
 Heap Min Capacity: 8M
 Heap Initial Capacity: 126M
 Heap Max Capacity: 2016M
 Pre-touch: Disabled
 Parallel Workers: 4
 Concurrent Workers: 1
 Concurrent Refinement Workers: 4
 Periodic GC: Disabled
Heap:
 garbage-first heap   total 103424K, used 80251K [0x0000000082000000, 0x0000000100000000)
  region size 1024K, 40 young (40960K), 6 survivors (6144K)
 Metaspace       used 44418K, committed 44864K, reserved 1089536K
  class space    used 4993K, committed 5184K, reserved 1048576K
GC Heap History (20 events):
Event: 34.834 GC heap before
{Heap before GC invocations=22 (full 0):
 garbage-first heap   total 84992K, used 71118K [0x0000000082000000, 0x0000000100000000)
  region size 1024K, 26 young (26624K), 3 survivors (3072K)
 Metaspace       used 30100K, committed 30464K, reserved 1081344K
  class space    used 3195K, committed 3392K, reserved 1048576K
}
Event: 34.850 GC heap after
{Heap after GC invocations=23 (full 0):
 garbage-first heap   total 84992K, used 46956K [0x0000000082000000, 0x0000000100000000)
  region size 1024K, 2 young (2048K), 2 survivors (2048K)
 Metaspace       used 30100K, committed 30464K, reserved 1081344K
  class space    used 3195K, committed 3392K, reserved 1048576K
}
Event: 37.119 GC heap before
{Heap before GC invocations=23 (full 0):
 garbage-first heap   total 84992K, used 68460K [0x0000000082000000, 0x0000000100000000)
  region size 1024K, 23 young (23552K), 2 survivors (2048K)
 Metaspace       used 31343K, committed 31680K, reserved 1081344K
  class space    used 3349K, committed 3520K, reserved 1048576K
}
Event: 37.127 GC heap after
{Heap after GC invocations=24 (full 0):
 garbage-first heap   total 84992K, used 47498K [0x0000000082000000, 0x0000000100000000)
  region size 1024K, 2 young (2048K), 2 survivors (2048K)
 Metaspace       used 31343K, committed 31680K, reserved 1081344K
  class space    used 3349K, committed 3520K, reserved 1048576K
}
Event: 37.863 GC heap before
{Heap before GC invocations=25 (full 0):
 garbage-first heap   total 86016K, used 70026K [0x0000000082000000, 0x0000000100000000)
  region size 1024K, 24 young (24576K), 2 survivors (2048K)
 Metaspace       used 31369K, committed 31680K, reserved 1081344K
  class space    used 3349K, committed 3520K, reserved 1048576K
}
Event: 37.873 GC heap after
{Heap after GC invocations=26 (full 0):
 garbage-first heap   total 86016K, used 48755K [0x0000000082000000, 0x0000000100000000)
  region size 1024K, 2 young (2048K), 2 survivors (2048K)
 Metaspace       used 31369K, committed 31680K, reserved 1081344K
  class space    used 3349K, committed 3520K, reserved 1048576K
}
Event: 37.948 GC heap before
{Heap before GC invocations=26 (full 0):
 garbage-first heap   total 86016K, used 50803K [0x0000000082000000, 0x0000000100000000)
  region size 1024K, 4 young (4096K), 2 survivors (2048K)
 Metaspace       used 31369K, committed 31680K, reserved 1081344K
  class space    used 3349K, committed 3520K, reserved 1048576K
}
Event: 37.972 GC heap after
{Heap after GC invocations=27 (full 0):
 garbage-first heap   total 86016K, used 43560K [0x0000000082000000, 0x0000000100000000)
  region size 1024K, 1 young (1024K), 1 survivors (1024K)
 Metaspace       used 31369K, committed 31680K, reserved 1081344K
  class space    used 3349K, committed 3520K, reserved 1048576K
}
Event: 38.860 GC heap before
{Heap before GC invocations=27 (full 0):
 garbage-first heap   total 86016K, used 68136K [0x0000000082000000, 0x0000000100000000)
  region size 1024K, 26 young (26624K), 1 survivors (1024K)
 Metaspace       used 31405K, committed 31744K, reserved 1081344K
  class space    used 3349K, committed 3520K, reserved 1048576K
}
Event: 38.865 GC heap after
{Heap after GC invocations=28 (full 0):
 garbage-first heap   total 86016K, used 44380K [0x0000000082000000, 0x0000000100000000)
  region size 1024K, 2 young (2048K), 2 survivors (2048K)
 Metaspace       used 31405K, committed 31744K, reserved 1081344K
  class space    used 3349K, committed 3520K, reserved 1048576K
}
Event: 39.993 GC heap before
{Heap before GC invocations=29 (full 0):
 garbage-first heap   total 86016K, used 68956K [0x0000000082000000, 0x0000000100000000)
  region size 1024K, 27 young (27648K), 2 survivors (2048K)
 Metaspace       used 29794K, committed 30656K, reserved 1081344K
  class space    used 3161K, committed 3456K, reserved 1048576K
}
Event: 40.000 GC heap after
{Heap after GC invocations=30 (full 0):
 garbage-first heap   total 103424K, used 46445K [0x0000000082000000, 0x0000000100000000)
  region size 1024K, 4 young (4096K), 4 survivors (4096K)
 Metaspace       used 29794K, committed 30656K, reserved 1081344K
  class space    used 3161K, committed 3456K, reserved 1048576K
}
Event: 40.012 GC heap before
{Heap before GC invocations=30 (full 0):
 garbage-first heap   total 103424K, used 46445K [0x0000000082000000, 0x0000000100000000)
  region size 1024K, 5 young (5120K), 4 survivors (4096K)
 Metaspace       used 29794K, committed 30656K, reserved 1081344K
  class space    used 3161K, committed 3456K, reserved 1048576K
}
Event: 40.027 GC heap after
{Heap after GC invocations=31 (full 0):
 garbage-first heap   total 103424K, used 38389K [0x0000000082000000, 0x0000000100000000)
  region size 1024K, 1 young (1024K), 1 survivors (1024K)
 Metaspace       used 29794K, committed 30656K, reserved 1081344K
  class space    used 3161K, committed 3456K, reserved 1048576K
}
Event: 40.835 GC heap before
{Heap before GC invocations=31 (full 0):
 garbage-first heap   total 103424K, used 80373K [0x0000000082000000, 0x0000000100000000)
  region size 1024K, 43 young (44032K), 1 survivors (1024K)
 Metaspace       used 31062K, committed 31360K, reserved 1081344K
  class space    used 3368K, committed 3520K, reserved 1048576K
}
Event: 40.839 GC heap after
{Heap after GC invocations=32 (full 0):
 garbage-first heap   total 103424K, used 40871K [0x0000000082000000, 0x0000000100000000)
  region size 1024K, 3 young (3072K), 3 survivors (3072K)
 Metaspace       used 31062K, committed 31360K, reserved 1081344K
  class space    used 3368K, committed 3520K, reserved 1048576K
}
Event: 42.693 GC heap before
{Heap before GC invocations=32 (full 0):
 garbage-first heap   total 103424K, used 81831K [0x0000000082000000, 0x0000000100000000)
  region size 1024K, 43 young (44032K), 3 survivors (3072K)
 Metaspace       used 31454K, committed 31808K, reserved 1081344K
  class space    used 3429K, committed 3584K, reserved 1048576K
}
Event: 42.701 GC heap after
{Heap after GC invocations=33 (full 0):
 garbage-first heap   total 103424K, used 42564K [0x0000000082000000, 0x0000000100000000)
  region size 1024K, 5 young (5120K), 5 survivors (5120K)
 Metaspace       used 31454K, committed 31808K, reserved 1081344K
  class space    used 3429K, committed 3584K, reserved 1048576K
}
Event: 53.287 GC heap before
{Heap before GC invocations=33 (full 0):
 garbage-first heap   total 103424K, used 82500K [0x0000000082000000, 0x0000000100000000)
  region size 1024K, 44 young (45056K), 5 survivors (5120K)
 Metaspace       used 36107K, committed 36544K, reserved 1081344K
  class space    used 4007K, committed 4224K, reserved 1048576K
}
Event: 53.298 GC heap after
{Heap after GC invocations=34 (full 0):
 garbage-first heap   total 103424K, used 46459K [0x0000000082000000, 0x0000000100000000)
  region size 1024K, 6 young (6144K), 6 survivors (6144K)
 Metaspace       used 36107K, committed 36544K, reserved 1081344K
  class space    used 4007K, committed 4224K, reserved 1048576K
}

